This file contains any messages produced by compilers while
running configure, to aid debugging if configure makes a mistake.

It was created by configure, which was
generated by GNU Autoconf 2.59.  Invocation command line was

  $ ./configure 

## --------- ##
## Platform. ##
## --------- ##

hostname = AI2s-MacBook-Air.local
uname -m = x86_64
uname -r = 17.7.0
uname -s = Darwin
uname -v = Darwin Kernel Version 17.7.0: Fri Nov  2 20:43:16 PDT 2018; root:xnu-4570.71.17~1/RELEASE_X86_64

/usr/bin/uname -p = i386
/bin/uname -X     = unknown

/bin/arch              = unknown
/usr/bin/arch -k       = unknown
/usr/convex/getsysinfo = unknown
hostinfo               = Mach kernel version:
	 Darwin Kernel Version 17.7.0: Fri Nov  2 20:43:16 PDT 2018; root:xnu-4570.71.17~1/RELEASE_X86_64
Kernel configured for up to 4 processors.
2 processors are physically available.
4 processors are logically available.
Processor type: x86_64h (Intel x86-64h Haswell)
Processors active: 0 1 2 3
Primary memory available: 8.00 gigabytes
Default processor set: 295 tasks, 1295 threads, 4 processors
Load average: 2.01, Mach factor: 1.98
/bin/machine           = unknown
/usr/bin/oslevel       = unknown
/bin/universe          = unknown

PATH: /Users/michaels/miniconda3/envs/allennlp/bin
PATH: /Users/michaels/exec -l /usr/local/bin/fish/google-cloud-sdk/bin
PATH: /Users/michaels/miniconda3/bin/
PATH: /usr/local/bin
PATH: /usr/bin
PATH: /bin
PATH: /usr/sbin
PATH: /sbin


## ----------- ##
## Core tests. ##
## ----------- ##

configure:1295: checking for a BSD-compatible install
configure:1350: result: /usr/local/bin/ginstall -c
configure:1361: checking whether build environment is sane
configure:1404: result: yes
configure:1469: checking for gawk
configure:1485: found /usr/local/bin/gawk
configure:1495: result: gawk
configure:1505: checking whether make sets $(MAKE)
configure:1525: result: yes
configure:1739: checking for gcc
configure:1755: found /usr/bin/gcc
configure:1765: result: gcc
configure:2009: checking for C compiler version
configure:2012: gcc --version </dev/null >&5
Configured with: --prefix=/Applications/Xcode.app/Contents/Developer/usr --with-gxx-include-dir=/usr/include/c++/4.2.1
Apple LLVM version 9.1.0 (clang-902.0.39.2)
Target: x86_64-apple-darwin17.7.0
Thread model: posix
InstalledDir: /Applications/Xcode.app/Contents/Developer/Toolchains/XcodeDefault.xctoolchain/usr/bin
configure:2015: $? = 0
configure:2017: gcc -v </dev/null >&5
Configured with: --prefix=/Applications/Xcode.app/Contents/Developer/usr --with-gxx-include-dir=/usr/include/c++/4.2.1
Apple LLVM version 9.1.0 (clang-902.0.39.2)
Target: x86_64-apple-darwin17.7.0
Thread model: posix
InstalledDir: /Applications/Xcode.app/Contents/Developer/Toolchains/XcodeDefault.xctoolchain/usr/bin
configure:2020: $? = 0
configure:2022: gcc -V </dev/null >&5
clang: error: argument to '-V' is missing (expected 1 value)
clang: error: no input files
configure:2025: $? = 1
configure:2048: checking for C compiler default output file name
configure:2051: gcc    conftest.c  >&5
configure:2054: $? = 0
configure:2100: result: a.out
configure:2105: checking whether the C compiler works
configure:2111: ./a.out
configure:2114: $? = 0
configure:2131: result: yes
configure:2138: checking whether we are cross compiling
configure:2140: result: no
configure:2143: checking for suffix of executables
configure:2145: gcc -o conftest    conftest.c  >&5
configure:2148: $? = 0
configure:2173: result: 
configure:2179: checking for suffix of object files
configure:2200: gcc -c   conftest.c >&5
configure:2203: $? = 0
configure:2225: result: o
configure:2229: checking whether we are using the GNU C compiler
configure:2253: gcc -c   conftest.c >&5
configure:2259: $? = 0
configure:2263: test -z 
			 || test ! -s conftest.err
configure:2266: $? = 0
configure:2269: test -s conftest.o
configure:2272: $? = 0
configure:2285: result: yes
configure:2291: checking whether gcc accepts -g
configure:2312: gcc -c -g  conftest.c >&5
configure:2318: $? = 0
configure:2322: test -z 
			 || test ! -s conftest.err
configure:2325: $? = 0
configure:2328: test -s conftest.o
configure:2331: $? = 0
configure:2342: result: yes
configure:2359: checking for gcc option to accept ANSI C
configure:2429: gcc  -c -g -O2  conftest.c >&5
configure:2435: $? = 0
configure:2439: test -z 
			 || test ! -s conftest.err
configure:2442: $? = 0
configure:2445: test -s conftest.o
configure:2448: $? = 0
configure:2466: result: none needed
configure:2484: gcc -c -g -O2  conftest.c >&5
conftest.c:2:3: error: unknown type name 'choke'
  choke me
  ^
conftest.c:2:11: error: expected ';' after top level declarator
  choke me
          ^
          ;
2 errors generated.
configure:2490: $? = 1
configure: failed program was:
| #ifndef __cplusplus
|   choke me
| #endif
configure:2634: checking for style of include used by make
configure:2662: result: GNU
configure:2690: checking dependency style of gcc
configure:2780: result: gcc3
configure:2811: checking for a BSD-compatible install
configure:2866: result: /usr/local/bin/ginstall -c
configure:3018: creating ./config.status

## ---------------------- ##
## Running config.status. ##
## ---------------------- ##

This file was extended by config.status, which was
generated by GNU Autoconf 2.59.  Invocation command line was

  CONFIG_FILES    = 
  CONFIG_HEADERS  = 
  CONFIG_LINKS    = 
  CONFIG_COMMANDS = 
  $ ./config.status 

on AI2s-MacBook-Air.local

config.status:685: creating Makefile
config.status:685: creating src/Makefile
config.status:685: creating src/prime/Makefile
config.status:685: creating src/million/Makefile
config.status:685: creating src/first/Makefile
config.status:685: creating src/isprime/Makefile
config.status:685: creating src/elimination/Makefile
config.status:868: executing depfiles commands

## ---------------- ##
## Cache variables. ##
## ---------------- ##

ac_cv_c_compiler_gnu=yes
ac_cv_env_CC_set=
ac_cv_env_CC_value=
ac_cv_env_CFLAGS_set=
ac_cv_env_CFLAGS_value=
ac_cv_env_CPPFLAGS_set=
ac_cv_env_CPPFLAGS_value=
ac_cv_env_LDFLAGS_set=
ac_cv_env_LDFLAGS_value=
ac_cv_env_build_alias_set=
ac_cv_env_build_alias_value=
ac_cv_env_host_alias_set=
ac_cv_env_host_alias_value=
ac_cv_env_target_alias_set=
ac_cv_env_target_alias_value=
ac_cv_exeext=
ac_cv_objext=o
ac_cv_path_install='/usr/local/bin/ginstall -c'
ac_cv_prog_AWK=gawk
ac_cv_prog_ac_ct_CC=gcc
ac_cv_prog_cc_g=yes
ac_cv_prog_cc_stdc=
ac_cv_prog_make_make_set=yes
am_cv_CC_dependencies_compiler_type=gcc3

## ----------------- ##
## Output variables. ##
## ----------------- ##

ACLOCAL='${SHELL} /Users/michaels/Downloads/prime-1.0/missing --run aclocal-1.9'
AMDEPBACKSLASH='\'
AMDEP_FALSE='#'
AMDEP_TRUE=''
AMTAR='${SHELL} /Users/michaels/Downloads/prime-1.0/missing --run tar'
AUTOCONF='${SHELL} /Users/michaels/Downloads/prime-1.0/missing --run autoconf'
AUTOHEADER='${SHELL} /Users/michaels/Downloads/prime-1.0/missing --run autoheader'
AUTOMAKE='${SHELL} /Users/michaels/Downloads/prime-1.0/missing --run automake-1.9'
AWK='gawk'
CC='gcc'
CCDEPMODE='depmode=gcc3'
CFLAGS='-g -O2'
CPPFLAGS=''
CYGPATH_W='echo'
DEFS='-DPACKAGE_NAME=\"\" -DPACKAGE_TARNAME=\"\" -DPACKAGE_VERSION=\"\" -DPACKAGE_STRING=\"\" -DPACKAGE_BUGREPORT=\"\" -DPACKAGE=\"prime\" -DVERSION=\"1.0\" '
DEPDIR='.deps'
ECHO_C='ECHO_N=''
ECHO_T=''
EXEEXT=''
INSTALL_DATA='${INSTALL} -m 644'
INSTALL_PROGRAM='${INSTALL}'
INSTALL_SCRIPT='${INSTALL}'
INSTALL_STRIP_PROGRAM='${SHELL} $(install_sh) -c -s'
LDFLAGS=' -lm'
LIBOBJS=''
LIBS=''
LTLIBOBJS=''
MAKEINFO='${SHELL} /Users/michaels/Downloads/prime-1.0/missing --run makeinfo'
OBJEXT='o'
PACKAGE='prime'
PACKAGE_BUGREPORT=''
PACKAGE_NAME=''
PACKAGE_STRING=''
PACKAGE_TARNAME=''
PACKAGE_VERSION=''
PATH_SEPARATOR=':'
SET_MAKE=''
SHELL='/bin/sh'
STRIP=''
VERSION='1.0'
ac_ct_CC='gcc'
ac_ct_STRIP=''
am__fastdepCC_FALSE='#'
am__fastdepCC_TRUE=''
am__include='include'
am__leading_dot='.'
am__quote=''
am__tar='${AMTAR} chof - "$$tardir"'
am__untar='${AMTAR} xf -'
bindir='${exec_prefix}/bin'
build_alias=''
datadir='${prefix}/share'
exec_prefix='${prefix}'
host_alias=''
includedir='${prefix}/include'
infodir='${prefix}/info'
install_sh='/Users/michaels/Downloads/prime-1.0/install-sh'
libdir='${exec_prefix}/lib'
libexecdir='${exec_prefix}/libexec'
localstatedir='${prefix}/var'
mandir='${prefix}/man'
mkdir_p='$(install_sh) -d'
oldincludedir='/usr/include'
prefix='/usr/local'
program_transform_name='s,x,x,'
sbindir='${exec_prefix}/sbin'
sharedstatedir='${prefix}/com'
sysconfdir='${prefix}/etc'
target_alias=''

## ----------- ##
## confdefs.h. ##
## ----------- ##

#define PACKAGE "prime"
#define PACKAGE_BUGREPORT ""
#define PACKAGE_NAME ""
#define PACKAGE_STRING ""
#define PACKAGE_TARNAME ""
#define PACKAGE_VERSION ""
#define VERSION "1.0"

configure: exit 0
